This file contains any messages produced by compilers while
running configure, to aid debugging if configure makes a mistake.

It was created by configure, which was
generated by GNU Autoconf 2.69.  Invocation command line was

  $ ./configure --enable-colors256

## --------- ##
## Platform. ##
## --------- ##

hostname = dev01.kgham
uname -m = x86_64
uname -r = 3.10.0-514.26.2.el7.x86_64
uname -s = Linux
uname -v = #1 SMP Tue Jul 4 15:04:05 UTC 2017

/usr/bin/uname -p = x86_64
/bin/uname -X     = unknown

/bin/arch              = x86_64
/usr/bin/arch -k       = unknown
/usr/convex/getsysinfo = unknown
/usr/bin/hostinfo      = unknown
/bin/machine           = unknown
/usr/bin/oslevel       = unknown
/bin/universe          = unknown

PATH: /usr/local/bin
PATH: /usr/bin
PATH: /usr/local/sbin
PATH: /usr/sbin
PATH: /home/greg/.local/bin
PATH: /home/greg/bin
PATH: /home/greg/.local/bin
PATH: /home/greg/bin


## ----------- ##
## Core tests. ##
## ----------- ##

configure:2132: checking for screen
configure:2150: found /usr/bin/screen
configure:2162: result: /usr/bin/screen
configure:2362: checking for gcc
configure:2378: found /usr/bin/gcc
configure:2389: result: gcc
configure:2618: checking for C compiler version
configure:2627: gcc --version >&5
gcc (GCC) 4.8.5 20150623 (Red Hat 4.8.5-11)
Copyright (C) 2015 Free Software Foundation, Inc.
This is free software; see the source for copying conditions.  There is NO
warranty; not even for MERCHANTABILITY or FITNESS FOR A PARTICULAR PURPOSE.

configure:2638: $? = 0
configure:2627: gcc -v >&5
Using built-in specs.
COLLECT_GCC=gcc
COLLECT_LTO_WRAPPER=/usr/libexec/gcc/x86_64-redhat-linux/4.8.5/lto-wrapper
Target: x86_64-redhat-linux
Configured with: ../configure --prefix=/usr --mandir=/usr/share/man --infodir=/usr/share/info --with-bugurl=http://bugzilla.redhat.com/bugzilla --enable-bootstrap --enable-shared --enable-threads=posix --enable-checking=release --with-system-zlib --enable-__cxa_atexit --disable-libunwind-exceptions --enable-gnu-unique-object --enable-linker-build-id --with-linker-hash-style=gnu --enable-languages=c,c++,objc,obj-c++,java,fortran,ada,go,lto --enable-plugin --enable-initfini-array --disable-libgcj --with-isl=/builddir/build/BUILD/gcc-4.8.5-20150702/obj-x86_64-redhat-linux/isl-install --with-cloog=/builddir/build/BUILD/gcc-4.8.5-20150702/obj-x86_64-redhat-linux/cloog-install --enable-gnu-indirect-function --with-tune=generic --with-arch_32=x86-64 --build=x86_64-redhat-linux
Thread model: posix
gcc version 4.8.5 20150623 (Red Hat 4.8.5-11) (GCC) 
configure:2638: $? = 0
configure:2627: gcc -V >&5
gcc: error: unrecognized command line option '-V'
gcc: fatal error: no input files
compilation terminated.
configure:2638: $? = 4
configure:2627: gcc -qversion >&5
gcc: error: unrecognized command line option '-qversion'
gcc: fatal error: no input files
compilation terminated.
configure:2638: $? = 4
configure:2658: checking whether the C compiler works
configure:2680: gcc    conftest.c  >&5
configure:2684: $? = 0
configure:2732: result: yes
configure:2735: checking for C compiler default output file name
configure:2737: result: a.out
configure:2743: checking for suffix of executables
configure:2750: gcc -o conftest    conftest.c  >&5
configure:2754: $? = 0
configure:2776: result: 
configure:2798: checking whether we are cross compiling
configure:2806: gcc -o conftest    conftest.c  >&5
configure:2810: $? = 0
configure:2817: ./conftest
configure:2821: $? = 0
configure:2836: result: no
configure:2841: checking for suffix of object files
configure:2863: gcc -c   conftest.c >&5
configure:2867: $? = 0
configure:2888: result: o
configure:2892: checking whether we are using the GNU C compiler
configure:2911: gcc -c   conftest.c >&5
configure:2911: $? = 0
configure:2920: result: yes
configure:2929: checking whether gcc accepts -g
configure:2949: gcc -c -g  conftest.c >&5
configure:2949: $? = 0
configure:2990: result: yes
configure:3007: checking for gcc option to accept ISO C89
configure:3070: gcc  -c -g -O2  conftest.c >&5
configure:3070: $? = 0
configure:3083: result: none needed
configure:3108: checking how to run the C preprocessor
configure:3139: gcc -E  conftest.c
configure:3139: $? = 0
configure:3153: gcc -E  conftest.c
conftest.c:9:28: fatal error: ac_nonexistent.h: No such file or directory
 #include <ac_nonexistent.h>
                            ^
compilation terminated.
configure:3153: $? = 1
configure: failed program was:
| /* confdefs.h */
| #define PACKAGE_NAME ""
| #define PACKAGE_TARNAME ""
| #define PACKAGE_VERSION ""
| #define PACKAGE_STRING ""
| #define PACKAGE_BUGREPORT ""
| #define PACKAGE_URL ""
| /* end confdefs.h.  */
| #include <ac_nonexistent.h>
configure:3178: result: gcc -E
configure:3198: gcc -E  conftest.c
configure:3198: $? = 0
configure:3212: gcc -E  conftest.c
conftest.c:9:28: fatal error: ac_nonexistent.h: No such file or directory
 #include <ac_nonexistent.h>
                            ^
compilation terminated.
configure:3212: $? = 1
configure: failed program was:
| /* confdefs.h */
| #define PACKAGE_NAME ""
| #define PACKAGE_TARNAME ""
| #define PACKAGE_VERSION ""
| #define PACKAGE_STRING ""
| #define PACKAGE_BUGREPORT ""
| #define PACKAGE_URL ""
| /* end confdefs.h.  */
| #include <ac_nonexistent.h>
configure:3242: checking for grep that handles long lines and -e
configure:3300: result: /usr/bin/grep
configure:3305: checking for egrep
configure:3367: result: /usr/bin/grep -E
configure:3373: checking whether gcc needs -traditional
configure:3407: result: no
configure:3414: checking for library containing strerror
configure:3445: gcc -o conftest -g -O2   conftest.c  >&5
configure:3445: $? = 0
configure:3462: result: none required
configure:3470: checking for ANSI C header files
configure:3490: gcc -c -g -O2  conftest.c >&5
configure:3490: $? = 0
configure:3563: gcc -o conftest -g -O2   conftest.c  >&5
configure:3563: $? = 0
configure:3563: ./conftest
configure:3563: $? = 0
configure:3574: result: yes
configure:3587: checking for sys/types.h
configure:3587: gcc -c -g -O2  conftest.c >&5
configure:3587: $? = 0
configure:3587: result: yes
configure:3587: checking for sys/stat.h
configure:3587: gcc -c -g -O2  conftest.c >&5
configure:3587: $? = 0
configure:3587: result: yes
configure:3587: checking for stdlib.h
configure:3587: gcc -c -g -O2  conftest.c >&5
configure:3587: $? = 0
configure:3587: result: yes
configure:3587: checking for string.h
configure:3587: gcc -c -g -O2  conftest.c >&5
configure:3587: $? = 0
configure:3587: result: yes
configure:3587: checking for memory.h
configure:3587: gcc -c -g -O2  conftest.c >&5
configure:3587: $? = 0
configure:3587: result: yes
configure:3587: checking for strings.h
configure:3587: gcc -c -g -O2  conftest.c >&5
configure:3587: $? = 0
configure:3587: result: yes
configure:3587: checking for inttypes.h
configure:3587: gcc -c -g -O2  conftest.c >&5
configure:3587: $? = 0
configure:3587: result: yes
configure:3587: checking for stdint.h
configure:3587: gcc -c -g -O2  conftest.c >&5
configure:3587: $? = 0
configure:3587: result: yes
configure:3587: checking for unistd.h
configure:3587: gcc -c -g -O2  conftest.c >&5
configure:3587: $? = 0
configure:3587: result: yes
configure:3600: checking minix/config.h usability
configure:3600: gcc -c -g -O2  conftest.c >&5
conftest.c:52:26: fatal error: minix/config.h: No such file or directory
 #include <minix/config.h>
                          ^
compilation terminated.
configure:3600: $? = 1
configure: failed program was:
| /* confdefs.h */
| #define PACKAGE_NAME ""
| #define PACKAGE_TARNAME ""
| #define PACKAGE_VERSION ""
| #define PACKAGE_STRING ""
| #define PACKAGE_BUGREPORT ""
| #define PACKAGE_URL ""
| #define STDC_HEADERS 1
| #define HAVE_SYS_TYPES_H 1
| #define HAVE_SYS_STAT_H 1
| #define HAVE_STDLIB_H 1
| #define HAVE_STRING_H 1
| #define HAVE_MEMORY_H 1
| #define HAVE_STRINGS_H 1
| #define HAVE_INTTYPES_H 1
| #define HAVE_STDINT_H 1
| #define HAVE_UNISTD_H 1
| /* end confdefs.h.  */
| #include <stdio.h>
| #ifdef HAVE_SYS_TYPES_H
| # include <sys/types.h>
| #endif
| #ifdef HAVE_SYS_STAT_H
| # include <sys/stat.h>
| #endif
| #ifdef STDC_HEADERS
| # include <stdlib.h>
| # include <stddef.h>
| #else
| # ifdef HAVE_STDLIB_H
| #  include <stdlib.h>
| # endif
| #endif
| #ifdef HAVE_STRING_H
| # if !defined STDC_HEADERS && defined HAVE_MEMORY_H
| #  include <memory.h>
| # endif
| # include <string.h>
| #endif
| #ifdef HAVE_STRINGS_H
| # include <strings.h>
| #endif
| #ifdef HAVE_INTTYPES_H
| # include <inttypes.h>
| #endif
| #ifdef HAVE_STDINT_H
| # include <stdint.h>
| #endif
| #ifdef HAVE_UNISTD_H
| # include <unistd.h>
| #endif
| #include <minix/config.h>
configure:3600: result: no
configure:3600: checking minix/config.h presence
configure:3600: gcc -E  conftest.c
conftest.c:19:26: fatal error: minix/config.h: No such file or directory
 #include <minix/config.h>
                          ^
compilation terminated.
configure:3600: $? = 1
configure: failed program was:
| /* confdefs.h */
| #define PACKAGE_NAME ""
| #define PACKAGE_TARNAME ""
| #define PACKAGE_VERSION ""
| #define PACKAGE_STRING ""
| #define PACKAGE_BUGREPORT ""
| #define PACKAGE_URL ""
| #define STDC_HEADERS 1
| #define HAVE_SYS_TYPES_H 1
| #define HAVE_SYS_STAT_H 1
| #define HAVE_STDLIB_H 1
| #define HAVE_STRING_H 1
| #define HAVE_MEMORY_H 1
| #define HAVE_STRINGS_H 1
| #define HAVE_INTTYPES_H 1
| #define HAVE_STDINT_H 1
| #define HAVE_UNISTD_H 1
| /* end confdefs.h.  */
| #include <minix/config.h>
configure:3600: result: no
configure:3600: checking for minix/config.h
configure:3600: result: no
configure:3621: checking whether it is safe to define __EXTENSIONS__
configure:3639: gcc -c -g -O2  conftest.c >&5
configure:3639: $? = 0
configure:3646: result: yes
configure:3671: gcc -o conftest -g -O2   conftest.c  >&5
conftest.c: In function 'main':
conftest.c:24:8: warning: incompatible implicit declaration of built-in function 'exit' [enabled by default]
 main(){exit(0);}
        ^
configure:3671: $? = 0
configure:3671: ./conftest
configure:3671: $? = 0
configure:3701: gcc -o conftest -g -O2   conftest.c  >&5
conftest.c: In function 'main':
conftest.c:24:8: warning: incompatible implicit declaration of built-in function 'exit' [enabled by default]
 main(){exit(0);}
        ^
configure:3701: $? = 0
configure:3701: ./conftest
configure:3701: $? = 0
configure:3733: gcc -o conftest -g -O2   conftest.c  >&5
/tmp/ccAaU76r.o: In function `main':
/www/gnu-screen/src/conftest.c:28: undefined reference to `__something_strange_'
collect2: error: ld returned 1 exit status
configure:3733: $? = 1
configure: program exited with status 1
configure: failed program was:
| /* confdefs.h */
| #define PACKAGE_NAME ""
| #define PACKAGE_TARNAME ""
| #define PACKAGE_VERSION ""
| #define PACKAGE_STRING ""
| #define PACKAGE_BUGREPORT ""
| #define PACKAGE_URL ""
| #define STDC_HEADERS 1
| #define HAVE_SYS_TYPES_H 1
| #define HAVE_SYS_STAT_H 1
| #define HAVE_STDLIB_H 1
| #define HAVE_STRING_H 1
| #define HAVE_MEMORY_H 1
| #define HAVE_STRINGS_H 1
| #define HAVE_INTTYPES_H 1
| #define HAVE_STDINT_H 1
| #define HAVE_UNISTD_H 1
| #define __EXTENSIONS__ 1
| #define _ALL_SOURCE 1
| #define _GNU_SOURCE 1
| #define _POSIX_PTHREAD_SEMANTICS 1
| #define _TANDEM_SOURCE 1
| /* end confdefs.h.  */
| 
| main()
| {
|   int __something_strange_();
|   __something_strange_(0);
| }
| 
configure:3745: checking for gawk
configure:3761: found /usr/bin/gawk
configure:3772: result: gawk
configure:3827: checking for a BSD-compatible install
configure:3895: result: /usr/bin/install -c
configure:3908: checking for buggy tools...
configure:3915: checking if a system-wide socket dir should be used
configure:3925: result: yes
configure:3927: checking for the socket dir
configure:3941: result: (eff_uid ? "/tmp/uscreens" : "/tmp/screens")
configure:3964: checking for MIPS...
configure:4035: checking for Ultrix...
configure:4077: checking for butterfly...
configure:4097: checking for POSIX.1...
configure:4119: checking for System V...
configure:4134: gcc -c -g -O2  conftest.c >&5
configure:4134: $? = 0
configure:4142: checking for sequent/ptx...
configure:4160: checking SVR4...
configure:4174: gcc -o conftest -g -O2   conftest.c  -lelf >&5
/usr/bin/ld: cannot find -lelf
collect2: error: ld returned 1 exit status
configure:4174: $? = 1
configure: failed program was:
| /* confdefs.h */
| #define PACKAGE_NAME ""
| #define PACKAGE_TARNAME ""
| #define PACKAGE_VERSION ""
| #define PACKAGE_STRING ""
| #define PACKAGE_BUGREPORT ""
| #define PACKAGE_URL ""
| #define STDC_HEADERS 1
| #define HAVE_SYS_TYPES_H 1
| #define HAVE_SYS_STAT_H 1
| #define HAVE_STDLIB_H 1
| #define HAVE_STRING_H 1
| #define HAVE_MEMORY_H 1
| #define HAVE_STRINGS_H 1
| #define HAVE_INTTYPES_H 1
| #define HAVE_STDINT_H 1
| #define HAVE_UNISTD_H 1
| #define __EXTENSIONS__ 1
| #define _ALL_SOURCE 1
| #define _GNU_SOURCE 1
| #define _POSIX_PTHREAD_SEMANTICS 1
| #define _TANDEM_SOURCE 1
| #define SOCKDIR (eff_uid ? "/tmp/uscreens" : "/tmp/screens")
| #define POSIX 1
| /* end confdefs.h.  */
| #include <utmpx.h>
| 
| int
| main ()
| {
| 
|   ;
|   return 0;
| }
configure:4201: checking stropts.h usability
configure:4201: gcc -c -g -O2  conftest.c >&5
conftest.c:59:21: fatal error: stropts.h: No such file or directory
 #include <stropts.h>
                     ^
compilation terminated.
configure:4201: $? = 1
configure: failed program was:
| /* confdefs.h */
| #define PACKAGE_NAME ""
| #define PACKAGE_TARNAME ""
| #define PACKAGE_VERSION ""
| #define PACKAGE_STRING ""
| #define PACKAGE_BUGREPORT ""
| #define PACKAGE_URL ""
| #define STDC_HEADERS 1
| #define HAVE_SYS_TYPES_H 1
| #define HAVE_SYS_STAT_H 1
| #define HAVE_STDLIB_H 1
| #define HAVE_STRING_H 1
| #define HAVE_MEMORY_H 1
| #define HAVE_STRINGS_H 1
| #define HAVE_INTTYPES_H 1
| #define HAVE_STDINT_H 1
| #define HAVE_UNISTD_H 1
| #define __EXTENSIONS__ 1
| #define _ALL_SOURCE 1
| #define _GNU_SOURCE 1
| #define _POSIX_PTHREAD_SEMANTICS 1
| #define _TANDEM_SOURCE 1
| #define SOCKDIR (eff_uid ? "/tmp/uscreens" : "/tmp/screens")
| #define POSIX 1
| /* end confdefs.h.  */
| #include <stdio.h>
| #ifdef HAVE_SYS_TYPES_H
| # include <sys/types.h>
| #endif
| #ifdef HAVE_SYS_STAT_H
| # include <sys/stat.h>
| #endif
| #ifdef STDC_HEADERS
| # include <stdlib.h>
| # include <stddef.h>
| #else
| # ifdef HAVE_STDLIB_H
| #  include <stdlib.h>
| # endif
| #endif
| #ifdef HAVE_STRING_H
| # if !defined STDC_HEADERS && defined HAVE_MEMORY_H
| #  include <memory.h>
| # endif
| # include <string.h>
| #endif
| #ifdef HAVE_STRINGS_H
| # include <strings.h>
| #endif
| #ifdef HAVE_INTTYPES_H
| # include <inttypes.h>
| #endif
| #ifdef HAVE_STDINT_H
| # include <stdint.h>
| #endif
| #ifdef HAVE_UNISTD_H
| # include <unistd.h>
| #endif
| #include <stropts.h>
configure:4201: result: no
configure:4201: checking stropts.h presence
configure:4201: gcc -E  conftest.c
conftest.c:26:21: fatal error: stropts.h: No such file or directory
 #include <stropts.h>
                     ^
compilation terminated.
configure:4201: $? = 1
configure: failed program was:
| /* confdefs.h */
| #define PACKAGE_NAME ""
| #define PACKAGE_TARNAME ""
| #define PACKAGE_VERSION ""
| #define PACKAGE_STRING ""
| #define PACKAGE_BUGREPORT ""
| #define PACKAGE_URL ""
| #define STDC_HEADERS 1
| #define HAVE_SYS_TYPES_H 1
| #define HAVE_SYS_STAT_H 1
| #define HAVE_STDLIB_H 1
| #define HAVE_STRING_H 1
| #define HAVE_MEMORY_H 1
| #define HAVE_STRINGS_H 1
| #define HAVE_INTTYPES_H 1
| #define HAVE_STDINT_H 1
| #define HAVE_UNISTD_H 1
| #define __EXTENSIONS__ 1
| #define _ALL_SOURCE 1
| #define _GNU_SOURCE 1
| #define _POSIX_PTHREAD_SEMANTICS 1
| #define _TANDEM_SOURCE 1
| #define SOCKDIR (eff_uid ? "/tmp/uscreens" : "/tmp/screens")
| #define POSIX 1
| /* end confdefs.h.  */
| #include <stropts.h>
configure:4201: result: no
configure:4201: checking for stropts.h
configure:4201: result: no
configure:4201: checking for string.h
configure:4201: result: yes
configure:4201: checking for strings.h
configure:4201: result: yes
configure:4212: checking for Solaris 2.x...
configure:4230: checking BSD job jontrol...
configure:4256: gcc -o conftest -g -O2   conftest.c  >&5
configure:4256: $? = 0
configure:4267: checking setresuid...
configure:4282: gcc -o conftest -g -O2   conftest.c  >&5
configure:4282: $? = 0
configure:4288: checking setreuid...
configure:4303: gcc -o conftest -g -O2   conftest.c  >&5
configure:4303: $? = 0
configure:4309: checking seteuid...
configure:4328: gcc -o conftest -g -O2   conftest.c  >&5
/tmp/ccOFUK6K.o: In function `main':
/www/gnu-screen/src/conftest.c:37: undefined reference to `seteuid_is_broken'
collect2: error: ld returned 1 exit status
configure:4328: $? = 1
configure: failed program was:
| /* confdefs.h */
| #define PACKAGE_NAME ""
| #define PACKAGE_TARNAME ""
| #define PACKAGE_VERSION ""
| #define PACKAGE_STRING ""
| #define PACKAGE_BUGREPORT ""
| #define PACKAGE_URL ""
| #define STDC_HEADERS 1
| #define HAVE_SYS_TYPES_H 1
| #define HAVE_SYS_STAT_H 1
| #define HAVE_STDLIB_H 1
| #define HAVE_STRING_H 1
| #define HAVE_MEMORY_H 1
| #define HAVE_STRINGS_H 1
| #define HAVE_INTTYPES_H 1
| #define HAVE_STDINT_H 1
| #define HAVE_UNISTD_H 1
| #define __EXTENSIONS__ 1
| #define _ALL_SOURCE 1
| #define _GNU_SOURCE 1
| #define _POSIX_PTHREAD_SEMANTICS 1
| #define _TANDEM_SOURCE 1
| #define SOCKDIR (eff_uid ? "/tmp/uscreens" : "/tmp/screens")
| #define POSIX 1
| #define HAVE_STRING_H 1
| #define HAVE_STRINGS_H 1
| #define BSDJOBS 1
| #define HAVE_SETRESUID 1
| #define HAVE_SETREUID 1
| /* end confdefs.h.  */
| 
| int
| main ()
| {
| 
| #if defined(linux) || defined(NeXT) || defined(_AUX_SOURCE) || defined(AUX) || defined(ultrix) || (defined(sun) && defined(SVR4)) || defined(ISC) || defined(sony_news)
| seteuid_is_broken(0);
| #else
| seteuid(0);
| #endif
| 
|   ;
|   return 0;
| }
configure:4335: checking execvpe...
configure:4350: gcc -o conftest -g -O2   conftest.c  >&5
configure:4350: $? = 0
configure:4359: checking select...
configure:4372: gcc -o conftest -g -O2 -D_GNU_SOURCE   conftest.c  >&5
configure:4372: $? = 0
configure:4401: checking fifos...
configure:4477: gcc -o conftest -g -O2 -D_GNU_SOURCE   conftest.c  >&5
conftest.c: In function 'main':
conftest.c:65:5: warning: incompatible implicit declaration of built-in function 'exit' [enabled by default]
     exit(1);
     ^
configure:4477: $? = 0
configure:4477: ./conftest
configure:4477: $? = 0
configure:4491: checking for broken fifo implementation...
configure:4545: gcc -o conftest -g -O2 -D_GNU_SOURCE   conftest.c  >&5
conftest.c: In function 'main':
conftest.c:63:5: warning: incompatible implicit declaration of built-in function 'exit' [enabled by default]
     exit(1);
     ^
configure:4545: $? = 0
configure:4545: ./conftest
configure:4545: $? = 0
configure:4561: checking sockets...
configure:4623: gcc -o conftest -g -O2 -D_GNU_SOURCE   conftest.c  >&5
conftest.c: In function 'main':
conftest.c:56:5: warning: incompatible implicit declaration of built-in function 'exit' [enabled by default]
     exit(1);
     ^
configure:4623: $? = 0
configure:4623: ./conftest
configure:4623: $? = 0
configure:4637: checking socket implementation...
configure:4681: gcc -o conftest -g -O2 -D_GNU_SOURCE   conftest.c  >&5
conftest.c: In function 'main':
conftest.c:53:5: warning: incompatible implicit declaration of built-in function 'exit' [enabled by default]
     exit(0);
     ^
configure:4681: $? = 0
configure:4681: ./conftest
configure:4681: $? = 0
configure:4726: checking select return value...
configure:4831: gcc -o conftest -g -O2 -D_GNU_SOURCE   conftest.c  >&5
conftest.c: In function 'main':
conftest.c:94:5: warning: incompatible implicit declaration of built-in function 'exit' [enabled by default]
     exit(1);
     ^
configure:4831: $? = 0
configure:4831: ./conftest
configure:4831: $? = 0
configure:4844: checking for tgetent...
configure:4857: gcc -o conftest -g -O2 -D_GNU_SOURCE   conftest.c  >&5
/tmp/cc494Bso.o: In function `main':
/www/gnu-screen/src/conftest.c:36: undefined reference to `tgetent'
collect2: error: ld returned 1 exit status
configure:4857: $? = 1
configure: failed program was:
| /* confdefs.h */
| #define PACKAGE_NAME ""
| #define PACKAGE_TARNAME ""
| #define PACKAGE_VERSION ""
| #define PACKAGE_STRING ""
| #define PACKAGE_BUGREPORT ""
| #define PACKAGE_URL ""
| #define STDC_HEADERS 1
| #define HAVE_SYS_TYPES_H 1
| #define HAVE_SYS_STAT_H 1
| #define HAVE_STDLIB_H 1
| #define HAVE_STRING_H 1
| #define HAVE_MEMORY_H 1
| #define HAVE_STRINGS_H 1
| #define HAVE_INTTYPES_H 1
| #define HAVE_STDINT_H 1
| #define HAVE_UNISTD_H 1
| #define __EXTENSIONS__ 1
| #define _ALL_SOURCE 1
| #define _GNU_SOURCE 1
| #define _POSIX_PTHREAD_SEMANTICS 1
| #define _TANDEM_SOURCE 1
| #define SOCKDIR (eff_uid ? "/tmp/uscreens" : "/tmp/screens")
| #define POSIX 1
| #define HAVE_STRING_H 1
| #define HAVE_STRINGS_H 1
| #define BSDJOBS 1
| #define HAVE_SETRESUID 1
| #define HAVE_SETREUID 1
| #define HAVE_EXECVPE 1
| /* end confdefs.h.  */
| 
| int
| main ()
| {
| tgetent((char *)0, (char *)0);
|   ;
|   return 0;
| }
configure:4862: checking libcurses...
configure:4881: gcc -o conftest -g -O2 -D_GNU_SOURCE   conftest.c -lcurses  >&5
configure:4881: $? = 0
configure:5026: gcc -o conftest -g -O2 -D_GNU_SOURCE   conftest.c -lcurses  >&5
conftest.c: In function 'main':
conftest.c:35:2: warning: incompatible implicit declaration of built-in function 'exit' [enabled by default]
  exit(strcmp(tgoto("%p1%d", 0, 1), "1") ? 0 : 1);
  ^
configure:5026: $? = 0
configure:5026: ./conftest
configure:5026: $? = 1
configure: program exited with status 1
configure: failed program was:
| /* confdefs.h */
| #define PACKAGE_NAME ""
| #define PACKAGE_TARNAME ""
| #define PACKAGE_VERSION ""
| #define PACKAGE_STRING ""
| #define PACKAGE_BUGREPORT ""
| #define PACKAGE_URL ""
| #define STDC_HEADERS 1
| #define HAVE_SYS_TYPES_H 1
| #define HAVE_SYS_STAT_H 1
| #define HAVE_STDLIB_H 1
| #define HAVE_STRING_H 1
| #define HAVE_MEMORY_H 1
| #define HAVE_STRINGS_H 1
| #define HAVE_INTTYPES_H 1
| #define HAVE_STDINT_H 1
| #define HAVE_UNISTD_H 1
| #define __EXTENSIONS__ 1
| #define _ALL_SOURCE 1
| #define _GNU_SOURCE 1
| #define _POSIX_PTHREAD_SEMANTICS 1
| #define _TANDEM_SOURCE 1
| #define SOCKDIR (eff_uid ? "/tmp/uscreens" : "/tmp/screens")
| #define POSIX 1
| #define HAVE_STRING_H 1
| #define HAVE_STRINGS_H 1
| #define BSDJOBS 1
| #define HAVE_SETRESUID 1
| #define HAVE_SETREUID 1
| #define HAVE_EXECVPE 1
| /* end confdefs.h.  */
| 
| main()
| {
|  exit(strcmp(tgoto("%p1%d", 0, 1), "1") ? 0 : 1);
| }
configure:5038: checking ospeed...
configure:5051: gcc -o conftest -g -O2 -D_GNU_SOURCE   conftest.c -lcurses  >&5
configure:5051: $? = 0
configure:5060: checking for /dev/ptc...
configure:5067: checking for SVR4 ptys...
configure:5082: gcc -o conftest -g -O2 -D_GNU_SOURCE   conftest.c -lcurses  >&5
configure:5082: $? = 0
configure:5093: checking for getpt
configure:5093: gcc -o conftest -g -O2 -D_GNU_SOURCE   conftest.c -lcurses  >&5
configure:5093: $? = 0
configure:5093: result: yes
configure:5159: checking for ptyranges...
configure:5218: checking default tty permissions/group...
configure:5259: gcc -o conftest -g -O2 -D_GNU_SOURCE   conftest.c -lcurses  >&5
conftest.c: In function 'main':
conftest.c:46:26: warning: incompatible implicit declaration of built-in function 'exit' [enabled by default]
   if (!(x = ttyname(0))) exit(1);
                          ^
configure:5259: $? = 0
configure:5259: ./conftest
configure:5259: $? = 1
configure: program exited with status 1
configure: failed program was:
| /* confdefs.h */
| #define PACKAGE_NAME ""
| #define PACKAGE_TARNAME ""
| #define PACKAGE_VERSION ""
| #define PACKAGE_STRING ""
| #define PACKAGE_BUGREPORT ""
| #define PACKAGE_URL ""
| #define STDC_HEADERS 1
| #define HAVE_SYS_TYPES_H 1
| #define HAVE_SYS_STAT_H 1
| #define HAVE_STDLIB_H 1
| #define HAVE_STRING_H 1
| #define HAVE_MEMORY_H 1
| #define HAVE_STRINGS_H 1
| #define HAVE_INTTYPES_H 1
| #define HAVE_STDINT_H 1
| #define HAVE_UNISTD_H 1
| #define __EXTENSIONS__ 1
| #define _ALL_SOURCE 1
| #define _GNU_SOURCE 1
| #define _POSIX_PTHREAD_SEMANTICS 1
| #define _TANDEM_SOURCE 1
| #define SOCKDIR (eff_uid ? "/tmp/uscreens" : "/tmp/screens")
| #define POSIX 1
| #define HAVE_STRING_H 1
| #define HAVE_STRINGS_H 1
| #define BSDJOBS 1
| #define HAVE_SETRESUID 1
| #define HAVE_SETREUID 1
| #define HAVE_EXECVPE 1
| #define TERMINFO 1
| #define HAVE_SVR4_PTYS 1
| #define HAVE_GETPT 1
| /* end confdefs.h.  */
| 
| #include <sys/types.h>
| #include <sys/stat.h>
| #include <stdio.h>
| main()
| {
|   struct stat sb;
|   char *x,*ttyname();
|   int om, m;
|   FILE *fp;
| 
|   if (!(x = ttyname(0))) exit(1);
|   if (stat(x, &sb)) exit(1);
|   om = sb.st_mode;
|   if (om & 002) exit(0);
|   m = system("mesg y");
|   if (m == -1 || m == 127) exit(1);
|   if (stat(x, &sb)) exit(1);
|   m = sb.st_mode;
|   if (chmod(x, om)) exit(1);
|   if (m & 002) exit(0);
|   if (sb.st_gid == getgid()) exit(1);
|   if (!(fp=fopen("conftest_grp", "w")))
|     exit(1);
|   fprintf(fp, "%d\n", sb.st_gid);
|   fclose(fp);
|   exit(0);
| }
| 
configure:5284: checking for write
configure:5302: found /usr/bin/write
configure:5314: result: /usr/bin/write
configure:5324: checking for xterm
configure:5357: result: no
configure:5410: checking getutent...
configure:5435: gcc -o conftest -g -O2 -D_GNU_SOURCE   conftest.c -lcurses  >&5
configure:5435: $? = 0
configure:5478: checking ut_host...
configure:5500: gcc -c -g -O2 -D_GNU_SOURCE  conftest.c >&5
configure:5500: $? = 0
configure:5505: checking utempter.h usability
configure:5505: gcc -c -g -O2 -D_GNU_SOURCE  conftest.c >&5
conftest.c:72:22: fatal error: utempter.h: No such file or directory
 #include <utempter.h>
                      ^
compilation terminated.
configure:5505: $? = 1
configure: failed program was:
| /* confdefs.h */
| #define PACKAGE_NAME ""
| #define PACKAGE_TARNAME ""
| #define PACKAGE_VERSION ""
| #define PACKAGE_STRING ""
| #define PACKAGE_BUGREPORT ""
| #define PACKAGE_URL ""
| #define STDC_HEADERS 1
| #define HAVE_SYS_TYPES_H 1
| #define HAVE_SYS_STAT_H 1
| #define HAVE_STDLIB_H 1
| #define HAVE_STRING_H 1
| #define HAVE_MEMORY_H 1
| #define HAVE_STRINGS_H 1
| #define HAVE_INTTYPES_H 1
| #define HAVE_STDINT_H 1
| #define HAVE_UNISTD_H 1
| #define __EXTENSIONS__ 1
| #define _ALL_SOURCE 1
| #define _GNU_SOURCE 1
| #define _POSIX_PTHREAD_SEMANTICS 1
| #define _TANDEM_SOURCE 1
| #define SOCKDIR (eff_uid ? "/tmp/uscreens" : "/tmp/screens")
| #define POSIX 1
| #define HAVE_STRING_H 1
| #define HAVE_STRINGS_H 1
| #define BSDJOBS 1
| #define HAVE_SETRESUID 1
| #define HAVE_SETREUID 1
| #define HAVE_EXECVPE 1
| #define TERMINFO 1
| #define HAVE_SVR4_PTYS 1
| #define HAVE_GETPT 1
| #define PTYMODE 0620
| #define PTYGROUP 5
| #define GETUTENT 1
| #define UTHOST 1
| /* end confdefs.h.  */
| #include <stdio.h>
| #ifdef HAVE_SYS_TYPES_H
| # include <sys/types.h>
| #endif
| #ifdef HAVE_SYS_STAT_H
| # include <sys/stat.h>
| #endif
| #ifdef STDC_HEADERS
| # include <stdlib.h>
| # include <stddef.h>
| #else
| # ifdef HAVE_STDLIB_H
| #  include <stdlib.h>
| # endif
| #endif
| #ifdef HAVE_STRING_H
| # if !defined STDC_HEADERS && defined HAVE_MEMORY_H
| #  include <memory.h>
| # endif
| # include <string.h>
| #endif
| #ifdef HAVE_STRINGS_H
| # include <strings.h>
| #endif
| #ifdef HAVE_INTTYPES_H
| # include <inttypes.h>
| #endif
| #ifdef HAVE_STDINT_H
| # include <stdint.h>
| #endif
| #ifdef HAVE_UNISTD_H
| # include <unistd.h>
| #endif
| #include <utempter.h>
configure:5505: result: no
configure:5505: checking utempter.h presence
configure:5505: gcc -E  conftest.c
conftest.c:39:22: fatal error: utempter.h: No such file or directory
 #include <utempter.h>
                      ^
compilation terminated.
configure:5505: $? = 1
configure: failed program was:
| /* confdefs.h */
| #define PACKAGE_NAME ""
| #define PACKAGE_TARNAME ""
| #define PACKAGE_VERSION ""
| #define PACKAGE_STRING ""
| #define PACKAGE_BUGREPORT ""
| #define PACKAGE_URL ""
| #define STDC_HEADERS 1
| #define HAVE_SYS_TYPES_H 1
| #define HAVE_SYS_STAT_H 1
| #define HAVE_STDLIB_H 1
| #define HAVE_STRING_H 1
| #define HAVE_MEMORY_H 1
| #define HAVE_STRINGS_H 1
| #define HAVE_INTTYPES_H 1
| #define HAVE_STDINT_H 1
| #define HAVE_UNISTD_H 1
| #define __EXTENSIONS__ 1
| #define _ALL_SOURCE 1
| #define _GNU_SOURCE 1
| #define _POSIX_PTHREAD_SEMANTICS 1
| #define _TANDEM_SOURCE 1
| #define SOCKDIR (eff_uid ? "/tmp/uscreens" : "/tmp/screens")
| #define POSIX 1
| #define HAVE_STRING_H 1
| #define HAVE_STRINGS_H 1
| #define BSDJOBS 1
| #define HAVE_SETRESUID 1
| #define HAVE_SETREUID 1
| #define HAVE_EXECVPE 1
| #define TERMINFO 1
| #define HAVE_SVR4_PTYS 1
| #define HAVE_GETPT 1
| #define PTYMODE 0620
| #define PTYGROUP 5
| #define GETUTENT 1
| #define UTHOST 1
| /* end confdefs.h.  */
| #include <utempter.h>
configure:5505: result: no
configure:5505: checking for utempter.h
configure:5505: result: no
configure:5519: checking for libutil(s)...
configure:5524: checking getloadavg...
configure:5537: gcc -o conftest -g -O2 -D_GNU_SOURCE   conftest.c -lcurses  -lutil >&5
configure:5537: $? = 0
configure:5920: checking for crypt and sec libraries...
configure:5925: checking crypt...
configure:5938: gcc -o conftest -g -O2 -D_GNU_SOURCE   conftest.c -lcurses  -lutil -lcrypt >&5
configure:5938: $? = 0
configure:5949: checking IRIX sun library...
configure:5962: gcc -o conftest -g -O2 -D_GNU_SOURCE   conftest.c -lcurses  -lutil -lcrypt -lsun >&5
/usr/bin/ld: cannot find -lsun
collect2: error: ld returned 1 exit status
configure:5962: $? = 1
configure: failed program was:
| /* confdefs.h */
| #define PACKAGE_NAME ""
| #define PACKAGE_TARNAME ""
| #define PACKAGE_VERSION ""
| #define PACKAGE_STRING ""
| #define PACKAGE_BUGREPORT ""
| #define PACKAGE_URL ""
| #define STDC_HEADERS 1
| #define HAVE_SYS_TYPES_H 1
| #define HAVE_SYS_STAT_H 1
| #define HAVE_STDLIB_H 1
| #define HAVE_STRING_H 1
| #define HAVE_MEMORY_H 1
| #define HAVE_STRINGS_H 1
| #define HAVE_INTTYPES_H 1
| #define HAVE_STDINT_H 1
| #define HAVE_UNISTD_H 1
| #define __EXTENSIONS__ 1
| #define _ALL_SOURCE 1
| #define _GNU_SOURCE 1
| #define _POSIX_PTHREAD_SEMANTICS 1
| #define _TANDEM_SOURCE 1
| #define SOCKDIR (eff_uid ? "/tmp/uscreens" : "/tmp/screens")
| #define POSIX 1
| #define HAVE_STRING_H 1
| #define HAVE_STRINGS_H 1
| #define BSDJOBS 1
| #define HAVE_SETRESUID 1
| #define HAVE_SETREUID 1
| #define HAVE_EXECVPE 1
| #define TERMINFO 1
| #define HAVE_SVR4_PTYS 1
| #define HAVE_GETPT 1
| #define PTYMODE 0620
| #define PTYGROUP 5
| #define GETUTENT 1
| #define UTHOST 1
| #define LOADAV_GETLOADAVG 1
| #define LOADAV 1
| #define LOADAV_TYPE double
| #define LOADAV_NUM 3
| #define LOADAV_SCALE 1
| #define SIGVOID 1
| /* end confdefs.h.  */
| 
| int
| main ()
| {
| 
|   ;
|   return 0;
| }
configure:5970: checking syslog...
configure:5983: gcc -o conftest -g -O2 -D_GNU_SOURCE   conftest.c -lcurses  -lutil -lcrypt >&5
configure:5983: $? = 0
configure:6030: checking wait union...
configure:6051: gcc -c -g -O2 -D_GNU_SOURCE  conftest.c >&5
configure:6051: $? = 0
configure:6058: checking for termio or termios...
configure:6064: gcc -E  conftest.c
configure:6064: $? = 0
configure:6084: checking getspnam...
configure:6097: gcc -o conftest -g -O2 -D_GNU_SOURCE   conftest.c -lcurses  -lutil -lcrypt >&5
configure:6097: $? = 0
configure:6104: checking getttyent...
configure:6117: gcc -o conftest -g -O2 -D_GNU_SOURCE   conftest.c -lcurses  -lutil -lcrypt >&5
configure:6117: $? = 0
configure:6124: checking fdwalk...
configure:6137: gcc -o conftest -g -O2 -D_GNU_SOURCE   conftest.c -lcurses  -lutil -lcrypt >&5
/tmp/cclvzp78.o: In function `main':
/www/gnu-screen/src/conftest.c:53: undefined reference to `fdwalk'
collect2: error: ld returned 1 exit status
configure:6137: $? = 1
configure: failed program was:
| /* confdefs.h */
| #define PACKAGE_NAME ""
| #define PACKAGE_TARNAME ""
| #define PACKAGE_VERSION ""
| #define PACKAGE_STRING ""
| #define PACKAGE_BUGREPORT ""
| #define PACKAGE_URL ""
| #define STDC_HEADERS 1
| #define HAVE_SYS_TYPES_H 1
| #define HAVE_SYS_STAT_H 1
| #define HAVE_STDLIB_H 1
| #define HAVE_STRING_H 1
| #define HAVE_MEMORY_H 1
| #define HAVE_STRINGS_H 1
| #define HAVE_INTTYPES_H 1
| #define HAVE_STDINT_H 1
| #define HAVE_UNISTD_H 1
| #define __EXTENSIONS__ 1
| #define _ALL_SOURCE 1
| #define _GNU_SOURCE 1
| #define _POSIX_PTHREAD_SEMANTICS 1
| #define _TANDEM_SOURCE 1
| #define SOCKDIR (eff_uid ? "/tmp/uscreens" : "/tmp/screens")
| #define POSIX 1
| #define HAVE_STRING_H 1
| #define HAVE_STRINGS_H 1
| #define BSDJOBS 1
| #define HAVE_SETRESUID 1
| #define HAVE_SETREUID 1
| #define HAVE_EXECVPE 1
| #define TERMINFO 1
| #define HAVE_SVR4_PTYS 1
| #define HAVE_GETPT 1
| #define PTYMODE 0620
| #define PTYGROUP 5
| #define GETUTENT 1
| #define UTHOST 1
| #define LOADAV_GETLOADAVG 1
| #define LOADAV 1
| #define LOADAV_TYPE double
| #define LOADAV_NUM 3
| #define LOADAV_SCALE 1
| #define SIGVOID 1
| #define BSDWAIT 1
| #define TERMIO 1
| #define SHADOWPW 1
| #define GETTTYENT 1
| /* end confdefs.h.  */
| #include <stdlib.h>
| int
| main ()
| {
| fdwalk(NULL, NULL);
|   ;
|   return 0;
| }
configure:6144: checking whether memcpy/memmove/bcopy handles overlapping arguments...
configure:6168: gcc -o conftest -g -O2 -D_GNU_SOURCE   conftest.c -lcurses  -lutil -lcrypt >&5
conftest.c: In function 'main':
conftest.c:52:3: warning: incompatible implicit declaration of built-in function 'strcpy' [enabled by default]
   strcpy(buf, "abcdefghi");
   ^
conftest.c:53:3: warning: incompatible implicit declaration of built-in function 'bcopy' [enabled by default]
   bcopy(buf, buf + 2, 3);
   ^
conftest.c:55:5: warning: incompatible implicit declaration of built-in function 'exit' [enabled by default]
     exit(1);
     ^
configure:6168: $? = 0
configure:6168: ./conftest
configure:6168: $? = 0
configure:6200: gcc -o conftest -g -O2 -D_GNU_SOURCE   conftest.c -lcurses  -lutil -lcrypt >&5
conftest.c: In function 'main':
conftest.c:54:3: warning: incompatible implicit declaration of built-in function 'strcpy' [enabled by default]
   strcpy(buf, "abcdefghi");
   ^
conftest.c:51:22: warning: incompatible implicit declaration of built-in function 'memmove' [enabled by default]
 #define bcopy(s,d,l) memmove(d,s,l)
                      ^
conftest.c:55:3: note: in expansion of macro 'bcopy'
   bcopy(buf, buf + 2, 3);
   ^
conftest.c:57:5: warning: incompatible implicit declaration of built-in function 'exit' [enabled by default]
     exit(1);
     ^
configure:6200: $? = 0
configure:6200: ./conftest
configure:6200: $? = 0
configure:6233: gcc -o conftest -g -O2 -D_GNU_SOURCE   conftest.c -lcurses  -lutil -lcrypt >&5
conftest.c: In function 'main':
conftest.c:55:3: warning: incompatible implicit declaration of built-in function 'strcpy' [enabled by default]
   strcpy(buf, "abcdefghi");
   ^
conftest.c:52:22: warning: incompatible implicit declaration of built-in function 'memcpy' [enabled by default]
 #define bcopy(s,d,l) memcpy(d,s,l)
                      ^
conftest.c:56:3: note: in expansion of macro 'bcopy'
   bcopy(buf, buf + 2, 3);
   ^
conftest.c:58:5: warning: incompatible implicit declaration of built-in function 'exit' [enabled by default]
     exit(1);
     ^
configure:6233: $? = 0
configure:6233: ./conftest
configure:6233: $? = 1
configure: program exited with status 1
configure: failed program was:
| /* confdefs.h */
| #define PACKAGE_NAME ""
| #define PACKAGE_TARNAME ""
| #define PACKAGE_VERSION ""
| #define PACKAGE_STRING ""
| #define PACKAGE_BUGREPORT ""
| #define PACKAGE_URL ""
| #define STDC_HEADERS 1
| #define HAVE_SYS_TYPES_H 1
| #define HAVE_SYS_STAT_H 1
| #define HAVE_STDLIB_H 1
| #define HAVE_STRING_H 1
| #define HAVE_MEMORY_H 1
| #define HAVE_STRINGS_H 1
| #define HAVE_INTTYPES_H 1
| #define HAVE_STDINT_H 1
| #define HAVE_UNISTD_H 1
| #define __EXTENSIONS__ 1
| #define _ALL_SOURCE 1
| #define _GNU_SOURCE 1
| #define _POSIX_PTHREAD_SEMANTICS 1
| #define _TANDEM_SOURCE 1
| #define SOCKDIR (eff_uid ? "/tmp/uscreens" : "/tmp/screens")
| #define POSIX 1
| #define HAVE_STRING_H 1
| #define HAVE_STRINGS_H 1
| #define BSDJOBS 1
| #define HAVE_SETRESUID 1
| #define HAVE_SETREUID 1
| #define HAVE_EXECVPE 1
| #define TERMINFO 1
| #define HAVE_SVR4_PTYS 1
| #define HAVE_GETPT 1
| #define PTYMODE 0620
| #define PTYGROUP 5
| #define GETUTENT 1
| #define UTHOST 1
| #define LOADAV_GETLOADAVG 1
| #define LOADAV 1
| #define LOADAV_TYPE double
| #define LOADAV_NUM 3
| #define LOADAV_SCALE 1
| #define SIGVOID 1
| #define BSDWAIT 1
| #define TERMIO 1
| #define SHADOWPW 1
| #define GETTTYENT 1
| #define USEBCOPY 1
| #define USEMEMMOVE 1
| /* end confdefs.h.  */
| 
| #define bcopy(s,d,l) memcpy(d,s,l)
| main() {
|   char buf[10];
|   strcpy(buf, "abcdefghi");
|   bcopy(buf, buf + 2, 3);
|   if (strncmp(buf, "ababcf", 6))
|     exit(1);
|   strcpy(buf, "abcdefghi");
|   bcopy(buf + 2, buf, 3);
|   if (strncmp(buf, "cdedef", 6))
|     exit(1);
|   exit(0); /* libc version works properly.  */
| }
configure:6242: checking for long file names
configure:6274: result: yes
configure:6283: checking for vsprintf
configure:6296: gcc -o conftest -g -O2 -D_GNU_SOURCE   conftest.c -lcurses  -lutil -lcrypt >&5
configure:6296: $? = 0
configure:6297: result: yes
configure:6310: checking for dirent.h that defines DIR
configure:6329: gcc -c -g -O2 -D_GNU_SOURCE  conftest.c >&5
configure:6329: $? = 0
configure:6337: result: yes
configure:6350: checking for library containing opendir
configure:6381: gcc -o conftest -g -O2 -D_GNU_SOURCE   conftest.c -lcurses  -lutil -lcrypt >&5
configure:6381: $? = 0
configure:6398: result: none required
configure:6466: checking for setenv
configure:6482: gcc -o conftest -g -O2 -D_GNU_SOURCE   conftest.c -lcurses  -lutil -lcrypt >&5
configure:6482: $? = 0
configure:6545: checking for nl_langinfo(CODESET)
configure:6560: gcc -o conftest -g -O2 -D_GNU_SOURCE   conftest.c -lcurses  -lutil -lcrypt >&5
configure:6560: $? = 0
configure:6561: result: yes
configure:6571: checking for library containing gethostname
configure:6602: gcc -o conftest -g -O2 -D_GNU_SOURCE   conftest.c -lcurses  -lutil -lcrypt >&5
configure:6602: $? = 0
configure:6619: result: none required
configure:6631: checking for rename
configure:6631: gcc -o conftest -g -O2 -D_GNU_SOURCE   conftest.c -lcurses  -lutil -lcrypt >&5
configure:6631: $? = 0
configure:6631: result: yes
configure:6631: checking for fchmod
configure:6631: gcc -o conftest -g -O2 -D_GNU_SOURCE   conftest.c -lcurses  -lutil -lcrypt >&5
configure:6631: $? = 0
configure:6631: result: yes
configure:6631: checking for fchown
configure:6631: gcc -o conftest -g -O2 -D_GNU_SOURCE   conftest.c -lcurses  -lutil -lcrypt >&5
configure:6631: $? = 0
configure:6631: result: yes
configure:6631: checking for strerror
configure:6631: gcc -o conftest -g -O2 -D_GNU_SOURCE   conftest.c -lcurses  -lutil -lcrypt >&5
configure:6631: $? = 0
configure:6631: result: yes
configure:6631: checking for lstat
configure:6631: gcc -o conftest -g -O2 -D_GNU_SOURCE   conftest.c -lcurses  -lutil -lcrypt >&5
configure:6631: $? = 0
configure:6631: result: yes
configure:6631: checking for _exit
configure:6631: gcc -o conftest -g -O2 -D_GNU_SOURCE   conftest.c -lcurses  -lutil -lcrypt >&5
conftest.c:85:6: warning: conflicting types for built-in function '_exit' [enabled by default]
 char _exit ();
      ^
configure:6631: $? = 0
configure:6631: result: yes
configure:6631: checking for utimes
configure:6631: gcc -o conftest -g -O2 -D_GNU_SOURCE   conftest.c -lcurses  -lutil -lcrypt >&5
configure:6631: $? = 0
configure:6631: result: yes
configure:6631: checking for vsnprintf
configure:6631: gcc -o conftest -g -O2 -D_GNU_SOURCE   conftest.c -lcurses  -lutil -lcrypt >&5
conftest.c:87:6: warning: conflicting types for built-in function 'vsnprintf' [enabled by default]
 char vsnprintf ();
      ^
configure:6631: $? = 0
configure:6631: result: yes
configure:6631: checking for getcwd
configure:6631: gcc -o conftest -g -O2 -D_GNU_SOURCE   conftest.c -lcurses  -lutil -lcrypt >&5
configure:6631: $? = 0
configure:6631: result: yes
configure:6631: checking for setlocale
configure:6631: gcc -o conftest -g -O2 -D_GNU_SOURCE   conftest.c -lcurses  -lutil -lcrypt >&5
configure:6631: $? = 0
configure:6631: result: yes
configure:6631: checking for strftime
configure:6631: gcc -o conftest -g -O2 -D_GNU_SOURCE   conftest.c -lcurses  -lutil -lcrypt >&5
conftest.c:90:6: warning: conflicting types for built-in function 'strftime' [enabled by default]
 char strftime ();
      ^
configure:6631: $? = 0
configure:6631: result: yes
configure:6732: gcc -o conftest -g -O2 -D_GNU_SOURCE   conftest.c -lcurses  -lutil -lcrypt >&5
conftest.c: In function 'main':
conftest.c:69:8: warning: incompatible implicit declaration of built-in function 'exit' [enabled by default]
 main(){exit(0);}
        ^
configure:6732: $? = 0
configure:6732: ./conftest
configure:6732: $? = 0
configure:6743: checking for the global screenrc file
configure:6871: creating ./config.status

## ---------------------- ##
## Running config.status. ##
## ---------------------- ##

This file was extended by config.status, which was
generated by GNU Autoconf 2.69.  Invocation command line was

  CONFIG_FILES    = 
  CONFIG_HEADERS  = 
  CONFIG_LINKS    = 
  CONFIG_COMMANDS = 
  $ ./config.status 

on dev01.kgham

config.status:865: creating Makefile
config.status:865: creating doc/Makefile
config.status:865: creating config.h
config.status:1040: config.h is unchanged
config.status:1054: executing default commands

## ---------------- ##
## Cache variables. ##
## ---------------- ##

ac_cv_c_compiler_gnu=yes
ac_cv_env_CC_set=
ac_cv_env_CC_value=
ac_cv_env_CFLAGS_set=
ac_cv_env_CFLAGS_value=
ac_cv_env_CPPFLAGS_set=
ac_cv_env_CPPFLAGS_value=
ac_cv_env_CPP_set=
ac_cv_env_CPP_value=
ac_cv_env_LDFLAGS_set=
ac_cv_env_LDFLAGS_value=
ac_cv_env_LIBS_set=
ac_cv_env_LIBS_value=
ac_cv_env_build_alias_set=
ac_cv_env_build_alias_value=
ac_cv_env_host_alias_set=
ac_cv_env_host_alias_value=
ac_cv_env_target_alias_set=
ac_cv_env_target_alias_value=
ac_cv_func__exit=yes
ac_cv_func_fchmod=yes
ac_cv_func_fchown=yes
ac_cv_func_getcwd=yes
ac_cv_func_getpt=yes
ac_cv_func_lstat=yes
ac_cv_func_rename=yes
ac_cv_func_setlocale=yes
ac_cv_func_strerror=yes
ac_cv_func_strftime=yes
ac_cv_func_utimes=yes
ac_cv_func_vsnprintf=yes
ac_cv_header_dirent_dirent_h=yes
ac_cv_header_inttypes_h=yes
ac_cv_header_memory_h=yes
ac_cv_header_minix_config_h=no
ac_cv_header_stdc=yes
ac_cv_header_stdint_h=yes
ac_cv_header_stdlib_h=yes
ac_cv_header_string_h=yes
ac_cv_header_strings_h=yes
ac_cv_header_stropts_h=no
ac_cv_header_sys_stat_h=yes
ac_cv_header_sys_types_h=yes
ac_cv_header_unistd_h=yes
ac_cv_header_utempter_h=no
ac_cv_objext=o
ac_cv_path_EGREP='/usr/bin/grep -E'
ac_cv_path_GREP=/usr/bin/grep
ac_cv_path_WRITEPATH=/usr/bin/write
ac_cv_path_ac_prefix_program=/usr/bin/screen
ac_cv_path_install='/usr/bin/install -c'
ac_cv_prog_AWK=gawk
ac_cv_prog_CPP='gcc -E'
ac_cv_prog_ac_ct_CC=gcc
ac_cv_prog_cc_c89=
ac_cv_prog_cc_g=yes
ac_cv_prog_gcc_traditional=no
ac_cv_safe_to_define___extensions__=yes
ac_cv_search_gethostname='none required'
ac_cv_search_opendir='none required'
ac_cv_search_strerror='none required'
ac_cv_sys_long_file_names=yes

## ----------------- ##
## Output variables. ##
## ----------------- ##

AWK='gawk'
CC='gcc'
CFLAGS='-g -O2 -D_GNU_SOURCE'
CPP='gcc -E'
CPPFLAGS=''
DEFS='-DHAVE_CONFIG_H'
ECHO_C=''
ECHO_N='-n'
ECHO_T=''
EGREP='/usr/bin/grep -E'
ETCSCREENRC=''
EXEEXT=''
GREP='/usr/bin/grep'
INSTALL_DATA='${INSTALL} -m 644'
INSTALL_PROGRAM='${INSTALL}'
INSTALL_SCRIPT='${INSTALL}'
LDFLAGS=''
LIBOBJS=''
LIBS='-lcurses  -lutil -lcrypt'
LTLIBOBJS=''
OBJEXT='o'
PACKAGE_BUGREPORT=''
PACKAGE_NAME=''
PACKAGE_STRING=''
PACKAGE_TARNAME=''
PACKAGE_URL=''
PACKAGE_VERSION=''
PATH_SEPARATOR=':'
SHELL='/bin/sh'
VERSION='4.6.1'
WRITEPATH='/usr/bin/write'
XTERMPATH=''
ac_ct_CC='gcc'
ac_prefix_program='/usr/bin/screen'
bindir='${exec_prefix}/bin'
build_alias=''
datadir='${datarootdir}'
datarootdir='${prefix}/share'
docdir='${datarootdir}/doc/${PACKAGE}'
dvidir='${docdir}'
exec_prefix='${prefix}'
host_alias=''
htmldir='${docdir}'
includedir='${prefix}/include'
infodir='${datarootdir}/info'
libdir='${exec_prefix}/lib'
libexecdir='${exec_prefix}/libexec'
localedir='${datarootdir}/locale'
localstatedir='${prefix}/var'
mandir='${datarootdir}/man'
oldincludedir='/usr/include'
pdfdir='${docdir}'
prefix='/usr'
program_transform_name='s,x,x,'
psdir='${docdir}'
sbindir='${exec_prefix}/sbin'
sharedstatedir='${prefix}/com'
sysconfdir='${prefix}/etc'
target_alias=''

## ----------- ##
## confdefs.h. ##
## ----------- ##

/* confdefs.h */
#define PACKAGE_NAME ""
#define PACKAGE_TARNAME ""
#define PACKAGE_VERSION ""
#define PACKAGE_STRING ""
#define PACKAGE_BUGREPORT ""
#define PACKAGE_URL ""
#define STDC_HEADERS 1
#define HAVE_SYS_TYPES_H 1
#define HAVE_SYS_STAT_H 1
#define HAVE_STDLIB_H 1
#define HAVE_STRING_H 1
#define HAVE_MEMORY_H 1
#define HAVE_STRINGS_H 1
#define HAVE_INTTYPES_H 1
#define HAVE_STDINT_H 1
#define HAVE_UNISTD_H 1
#define __EXTENSIONS__ 1
#define _ALL_SOURCE 1
#define _GNU_SOURCE 1
#define _POSIX_PTHREAD_SEMANTICS 1
#define _TANDEM_SOURCE 1
#define SOCKDIR (eff_uid ? "/tmp/uscreens" : "/tmp/screens")
#define POSIX 1
#define HAVE_STRING_H 1
#define HAVE_STRINGS_H 1
#define BSDJOBS 1
#define HAVE_SETRESUID 1
#define HAVE_SETREUID 1
#define HAVE_EXECVPE 1
#define TERMINFO 1
#define HAVE_SVR4_PTYS 1
#define HAVE_GETPT 1
#define PTYMODE 0620
#define PTYGROUP 5
#define GETUTENT 1
#define UTHOST 1
#define LOADAV_GETLOADAVG 1
#define LOADAV 1
#define LOADAV_TYPE double
#define LOADAV_NUM 3
#define LOADAV_SCALE 1
#define SIGVOID 1
#define BSDWAIT 1
#define TERMIO 1
#define SHADOWPW 1
#define GETTTYENT 1
#define USEBCOPY 1
#define USEMEMMOVE 1
#define HAVE_LONG_FILE_NAMES 1
#define USEVARARGS 1
#define HAVE_DIRENT_H 1
#define USESETENV 1
#define HAVE_SETENV_3 1
#define HAVE_NL_LANGINFO 1
#define HAVE_RENAME 1
#define HAVE_FCHMOD 1
#define HAVE_FCHOWN 1
#define HAVE_STRERROR 1
#define HAVE_LSTAT 1
#define HAVE__EXIT 1
#define HAVE_UTIMES 1
#define HAVE_VSNPRINTF 1
#define HAVE_GETCWD 1
#define HAVE_SETLOCALE 1
#define HAVE_STRFTIME 1
#define COLORS256 1

configure: exit 0
